{"/Users/andresuchitra/3-phase-3/react-password-manager/client/src/App.js": {"path":"/Users/andresuchitra/3-phase-3/react-password-manager/client/src/App.js","statementMap":{"0":{"start":{"line":11,"column":2},"end":{"line":23,"column":4}},"1":{"start":{"line":19,"column":14},"end":{"line":19,"column":22}}},"fnMap":{"0":{"name":"App","decl":{"start":{"line":10,"column":9},"end":{"line":10,"column":12}},"loc":{"start":{"line":10,"column":15},"end":{"line":24,"column":1}},"line":10},"1":{"name":"(anonymous_1)","decl":{"start":{"line":18,"column":42},"end":{"line":18,"column":43}},"loc":{"start":{"line":19,"column":14},"end":{"line":19,"column":22}},"line":19}},"branchMap":{},"s":{"0":11,"1":8},"f":{"0":11,"1":8},"b":{},"_coverageSchema":"43e27e138ebf9cfc5966b082cf9a028302ed4184","hash":"41bd884443015d99968ff8723e772dd86e6dcc11"}
,"/Users/andresuchitra/3-phase-3/react-password-manager/client/src/components/AddPassword/AddPassword.js": {"path":"/Users/andresuchitra/3-phase-3/react-password-manager/client/src/components/AddPassword/AddPassword.js","statementMap":{"0":{"start":{"line":10,"column":8},"end":{"line":22,"column":9}},"1":{"start":{"line":11,"column":25},"end":{"line":11,"column":57}},"2":{"start":{"line":12,"column":12},"end":{"line":12,"column":40}},"3":{"start":{"line":13,"column":12},"end":{"line":13,"column":43}},"4":{"start":{"line":14,"column":12},"end":{"line":21,"column":15}},"5":{"start":{"line":16,"column":16},"end":{"line":16,"column":39}},"6":{"start":{"line":17,"column":16},"end":{"line":17,"column":58}},"7":{"start":{"line":20,"column":16},"end":{"line":20,"column":85}},"8":{"start":{"line":25,"column":4},"end":{"line":42,"column":6}}},"fnMap":{"0":{"name":"AddPassword","decl":{"start":{"line":7,"column":9},"end":{"line":7,"column":20}},"loc":{"start":{"line":7,"column":28},"end":{"line":43,"column":1}},"line":7},"1":{"name":"handleSubmit","decl":{"start":{"line":9,"column":13},"end":{"line":9,"column":25}},"loc":{"start":{"line":9,"column":32},"end":{"line":23,"column":5}},"line":9},"2":{"name":"(anonymous_2)","decl":{"start":{"line":15,"column":18},"end":{"line":15,"column":19}},"loc":{"start":{"line":15,"column":35},"end":{"line":18,"column":13}},"line":15},"3":{"name":"(anonymous_3)","decl":{"start":{"line":19,"column":19},"end":{"line":19,"column":20}},"loc":{"start":{"line":19,"column":35},"end":{"line":21,"column":13}},"line":19}},"branchMap":{"0":{"loc":{"start":{"line":10,"column":8},"end":{"line":22,"column":9}},"type":"if","locations":[{"start":{"line":10,"column":8},"end":{"line":22,"column":9}},{"start":{"line":10,"column":8},"end":{"line":22,"column":9}}],"line":10}},"s":{"0":3,"1":2,"2":2,"3":2,"4":2,"5":2,"6":2,"7":0,"8":8},"f":{"0":8,"1":3,"2":2,"3":0},"b":{"0":[2,1]},"_coverageSchema":"43e27e138ebf9cfc5966b082cf9a028302ed4184","hash":"ea494811651be4bb4427a67f2aa52ba2011cfd8f"}
,"/Users/andresuchitra/3-phase-3/react-password-manager/client/src/components/FormPassword/FormPassword.js": {"path":"/Users/andresuchitra/3-phase-3/react-password-manager/client/src/components/FormPassword/FormPassword.js","statementMap":{"0":{"start":{"line":5,"column":21},"end":{"line":76,"column":1}},"1":{"start":{"line":6,"column":26},"end":{"line":6,"column":38}},"2":{"start":{"line":7,"column":36},"end":{"line":7,"column":48}},"3":{"start":{"line":8,"column":36},"end":{"line":8,"column":48}},"4":{"start":{"line":9,"column":18},"end":{"line":9,"column":54}},"5":{"start":{"line":12,"column":4},"end":{"line":19,"column":21}},"6":{"start":{"line":13,"column":8},"end":{"line":18,"column":9}},"7":{"start":{"line":14,"column":12},"end":{"line":14,"column":37}},"8":{"start":{"line":15,"column":12},"end":{"line":15,"column":38}},"9":{"start":{"line":16,"column":12},"end":{"line":16,"column":48}},"10":{"start":{"line":17,"column":12},"end":{"line":17,"column":48}},"11":{"start":{"line":22,"column":8},"end":{"line":22,"column":27}},"12":{"start":{"line":23,"column":21},"end":{"line":23,"column":23}},"13":{"start":{"line":24,"column":8},"end":{"line":26,"column":9}},"14":{"start":{"line":25,"column":12},"end":{"line":25,"column":28}},"15":{"start":{"line":27,"column":8},"end":{"line":29,"column":9}},"16":{"start":{"line":28,"column":12},"end":{"line":28,"column":38}},"17":{"start":{"line":30,"column":8},"end":{"line":32,"column":9}},"18":{"start":{"line":31,"column":12},"end":{"line":31,"column":38}},"19":{"start":{"line":34,"column":8},"end":{"line":34,"column":30}},"20":{"start":{"line":37,"column":4},"end":{"line":75,"column":2}},"21":{"start":{"line":44,"column":135},"end":{"line":44,"column":157}},"22":{"start":{"line":53,"column":145},"end":{"line":53,"column":172}},"23":{"start":{"line":62,"column":141},"end":{"line":62,"column":168}}},"fnMap":{"0":{"name":"FormPassword","decl":{"start":{"line":5,"column":30},"end":{"line":5,"column":42}},"loc":{"start":{"line":5,"column":51},"end":{"line":76,"column":1}},"line":5},"1":{"name":"(anonymous_1)","decl":{"start":{"line":12,"column":14},"end":{"line":12,"column":15}},"loc":{"start":{"line":12,"column":20},"end":{"line":19,"column":5}},"line":12},"2":{"name":"handleSubmit","decl":{"start":{"line":21,"column":13},"end":{"line":21,"column":25}},"loc":{"start":{"line":21,"column":29},"end":{"line":35,"column":5}},"line":21},"3":{"name":"(anonymous_3)","decl":{"start":{"line":44,"column":130},"end":{"line":44,"column":131}},"loc":{"start":{"line":44,"column":135},"end":{"line":44,"column":157}},"line":44},"4":{"name":"(anonymous_4)","decl":{"start":{"line":53,"column":140},"end":{"line":53,"column":141}},"loc":{"start":{"line":53,"column":145},"end":{"line":53,"column":172}},"line":53},"5":{"name":"(anonymous_5)","decl":{"start":{"line":62,"column":136},"end":{"line":62,"column":137}},"loc":{"start":{"line":62,"column":141},"end":{"line":62,"column":168}},"line":62}},"branchMap":{"0":{"loc":{"start":{"line":9,"column":18},"end":{"line":9,"column":54}},"type":"cond-expr","locations":[{"start":{"line":9,"column":35},"end":{"line":9,"column":49}},{"start":{"line":9,"column":52},"end":{"line":9,"column":54}}],"line":9},"1":{"loc":{"start":{"line":13,"column":8},"end":{"line":18,"column":9}},"type":"if","locations":[{"start":{"line":13,"column":8},"end":{"line":18,"column":9}},{"start":{"line":13,"column":8},"end":{"line":18,"column":9}}],"line":13},"2":{"loc":{"start":{"line":24,"column":8},"end":{"line":26,"column":9}},"type":"if","locations":[{"start":{"line":24,"column":8},"end":{"line":26,"column":9}},{"start":{"line":24,"column":8},"end":{"line":26,"column":9}}],"line":24},"3":{"loc":{"start":{"line":27,"column":8},"end":{"line":29,"column":9}},"type":"if","locations":[{"start":{"line":27,"column":8},"end":{"line":29,"column":9}},{"start":{"line":27,"column":8},"end":{"line":29,"column":9}}],"line":27},"4":{"loc":{"start":{"line":30,"column":8},"end":{"line":32,"column":9}},"type":"if","locations":[{"start":{"line":30,"column":8},"end":{"line":32,"column":9}},{"start":{"line":30,"column":8},"end":{"line":32,"column":9}}],"line":30}},"s":{"0":8,"1":28,"2":28,"3":28,"4":28,"5":28,"6":18,"7":3,"8":3,"9":3,"10":3,"11":4,"12":4,"13":4,"14":3,"15":4,"16":3,"17":4,"18":3,"19":4,"20":28,"21":2,"22":3,"23":2},"f":{"0":28,"1":18,"2":4,"3":2,"4":3,"5":2},"b":{"0":[13,15],"1":[3,15],"2":[3,1],"3":[3,1],"4":[3,1]},"_coverageSchema":"43e27e138ebf9cfc5966b082cf9a028302ed4184","hash":"e04107e0d60cc4e9a0434731dcff575abcc54f3a"}
,"/Users/andresuchitra/3-phase-3/react-password-manager/client/src/components/Header/Header.js": {"path":"/Users/andresuchitra/3-phase-3/react-password-manager/client/src/components/Header/Header.js","statementMap":{"0":{"start":{"line":7,"column":4},"end":{"line":24,"column":6}}},"fnMap":{"0":{"name":"Header","decl":{"start":{"line":6,"column":9},"end":{"line":6,"column":15}},"loc":{"start":{"line":6,"column":17},"end":{"line":25,"column":1}},"line":6}},"branchMap":{},"s":{"0":11},"f":{"0":11},"b":{},"_coverageSchema":"43e27e138ebf9cfc5966b082cf9a028302ed4184","hash":"1eb75098a831ffdd9314f76b01f026ba3ef0c72b"}
,"/Users/andresuchitra/3-phase-3/react-password-manager/client/src/components/Home/Home.js": {"path":"/Users/andresuchitra/3-phase-3/react-password-manager/client/src/components/Home/Home.js","statementMap":{"0":{"start":{"line":6,"column":4},"end":{"line":17,"column":6}}},"fnMap":{"0":{"name":"Home","decl":{"start":{"line":5,"column":9},"end":{"line":5,"column":13}},"loc":{"start":{"line":5,"column":16},"end":{"line":18,"column":1}},"line":5}},"branchMap":{},"s":{"0":10},"f":{"0":10},"b":{},"_coverageSchema":"43e27e138ebf9cfc5966b082cf9a028302ed4184","hash":"eb2b6ef30044f7a9d4e3a51dcef566c99f740ece"}
,"/Users/andresuchitra/3-phase-3/react-password-manager/client/src/components/LoadingSpinner/LoadingSpinner.js": {"path":"/Users/andresuchitra/3-phase-3/react-password-manager/client/src/components/LoadingSpinner/LoadingSpinner.js","statementMap":{"0":{"start":{"line":5,"column":4},"end":{"line":15,"column":6}},"1":{"start":{"line":10,"column":24},"end":{"line":10,"column":129}}},"fnMap":{"0":{"name":"LoadingSpinner","decl":{"start":{"line":4,"column":9},"end":{"line":4,"column":23}},"loc":{"start":{"line":4,"column":26},"end":{"line":16,"column":1}},"line":4},"1":{"name":"(anonymous_1)","decl":{"start":{"line":9,"column":32},"end":{"line":9,"column":33}},"loc":{"start":{"line":10,"column":24},"end":{"line":10,"column":129}},"line":10}},"branchMap":{},"s":{"0":28,"1":84},"f":{"0":28,"1":84},"b":{},"_coverageSchema":"43e27e138ebf9cfc5966b082cf9a028302ed4184","hash":"a92f9bbc6cf3a699e9f55f7d2d3e75e5b4efcc83"}
,"/Users/andresuchitra/3-phase-3/react-password-manager/client/src/components/PasswordList/PasswordList.js": {"path":"/Users/andresuchitra/3-phase-3/react-password-manager/client/src/components/PasswordList/PasswordList.js","statementMap":{"0":{"start":{"line":9,"column":4},"end":{"line":9,"column":48}},"1":{"start":{"line":10,"column":4},"end":{"line":10,"column":42}},"2":{"start":{"line":10,"column":29},"end":{"line":10,"column":40}},"3":{"start":{"line":14,"column":28},"end":{"line":14,"column":40}},"4":{"start":{"line":15,"column":30},"end":{"line":15,"column":42}},"5":{"start":{"line":16,"column":34},"end":{"line":16,"column":48}},"6":{"start":{"line":18,"column":4},"end":{"line":41,"column":22}},"7":{"start":{"line":19,"column":8},"end":{"line":19,"column":24}},"8":{"start":{"line":21,"column":8},"end":{"line":39,"column":10}},"9":{"start":{"line":24,"column":26},"end":{"line":24,"column":28}},"10":{"start":{"line":25,"column":12},"end":{"line":30,"column":15}},"11":{"start":{"line":26,"column":27},"end":{"line":26,"column":37}},"12":{"start":{"line":27,"column":16},"end":{"line":27,"column":63}},"13":{"start":{"line":28,"column":16},"end":{"line":28,"column":63}},"14":{"start":{"line":29,"column":16},"end":{"line":29,"column":50}},"15":{"start":{"line":32,"column":12},"end":{"line":32,"column":33}},"16":{"start":{"line":35,"column":12},"end":{"line":35,"column":27}},"17":{"start":{"line":38,"column":12},"end":{"line":38,"column":29}},"18":{"start":{"line":43,"column":4},"end":{"line":43,"column":42}},"19":{"start":{"line":47,"column":44},"end":{"line":47,"column":62}},"20":{"start":{"line":49,"column":4},"end":{"line":87,"column":5}},"21":{"start":{"line":50,"column":8},"end":{"line":50,"column":33}},"22":{"start":{"line":54,"column":8},"end":{"line":86,"column":10}},"23":{"start":{"line":69,"column":24},"end":{"line":82,"column":29}},"24":{"start":{"line":80,"column":114},"end":{"line":80,"column":155}}},"fnMap":{"0":{"name":"handleDelete","decl":{"start":{"line":8,"column":9},"end":{"line":8,"column":21}},"loc":{"start":{"line":8,"column":43},"end":{"line":11,"column":1}},"line":8},"1":{"name":"(anonymous_1)","decl":{"start":{"line":10,"column":24},"end":{"line":10,"column":25}},"loc":{"start":{"line":10,"column":29},"end":{"line":10,"column":40}},"line":10},"2":{"name":"useFetchPassword","decl":{"start":{"line":13,"column":9},"end":{"line":13,"column":25}},"loc":{"start":{"line":13,"column":28},"end":{"line":44,"column":1}},"line":13},"3":{"name":"(anonymous_3)","decl":{"start":{"line":18,"column":14},"end":{"line":18,"column":15}},"loc":{"start":{"line":18,"column":20},"end":{"line":41,"column":5}},"line":18},"4":{"name":"(anonymous_4)","decl":{"start":{"line":23,"column":14},"end":{"line":23,"column":15}},"loc":{"start":{"line":23,"column":38},"end":{"line":33,"column":9}},"line":23},"5":{"name":"(anonymous_5)","decl":{"start":{"line":25,"column":34},"end":{"line":25,"column":35}},"loc":{"start":{"line":25,"column":48},"end":{"line":30,"column":13}},"line":25},"6":{"name":"(anonymous_6)","decl":{"start":{"line":34,"column":15},"end":{"line":34,"column":16}},"loc":{"start":{"line":34,"column":31},"end":{"line":36,"column":9}},"line":34},"7":{"name":"(anonymous_7)","decl":{"start":{"line":37,"column":17},"end":{"line":37,"column":18}},"loc":{"start":{"line":37,"column":28},"end":{"line":39,"column":9}},"line":37},"8":{"name":"PasswordList","decl":{"start":{"line":46,"column":9},"end":{"line":46,"column":21}},"loc":{"start":{"line":46,"column":29},"end":{"line":88,"column":1}},"line":46},"9":{"name":"(anonymous_9)","decl":{"start":{"line":68,"column":30},"end":{"line":68,"column":31}},"loc":{"start":{"line":69,"column":24},"end":{"line":82,"column":29}},"line":69},"10":{"name":"(anonymous_10)","decl":{"start":{"line":80,"column":107},"end":{"line":80,"column":108}},"loc":{"start":{"line":80,"column":114},"end":{"line":80,"column":155}},"line":80}},"branchMap":{"0":{"loc":{"start":{"line":49,"column":4},"end":{"line":87,"column":5}},"type":"if","locations":[{"start":{"line":49,"column":4},"end":{"line":87,"column":5}},{"start":{"line":49,"column":4},"end":{"line":87,"column":5}}],"line":49}},"s":{"0":0,"1":0,"2":0,"3":28,"4":28,"5":28,"6":28,"7":16,"8":16,"9":12,"10":12,"11":65,"12":65,"13":65,"14":65,"15":12,"16":0,"17":12,"18":28,"19":28,"20":28,"21":21,"22":7,"23":39,"24":0},"f":{"0":0,"1":0,"2":28,"3":16,"4":12,"5":65,"6":0,"7":12,"8":28,"9":39,"10":0},"b":{"0":[21,7]},"_coverageSchema":"43e27e138ebf9cfc5966b082cf9a028302ed4184","hash":"e10ecf7eb93c6eebf8e2cffe2674159414ea9303"}
,"/Users/andresuchitra/3-phase-3/react-password-manager/client/src/components/SearchForm/SearchForm.js": {"path":"/Users/andresuchitra/3-phase-3/react-password-manager/client/src/components/SearchForm/SearchForm.js","statementMap":{"0":{"start":{"line":5,"column":19},"end":{"line":25,"column":1}},"1":{"start":{"line":6,"column":38},"end":{"line":6,"column":48}},"2":{"start":{"line":7,"column":14},"end":{"line":7,"column":36}},"3":{"start":{"line":10,"column":8},"end":{"line":10,"column":27}},"4":{"start":{"line":12,"column":8},"end":{"line":12,"column":44}},"5":{"start":{"line":15,"column":4},"end":{"line":17,"column":13}},"6":{"start":{"line":16,"column":8},"end":{"line":16,"column":25}},"7":{"start":{"line":19,"column":4},"end":{"line":24,"column":6}},"8":{"start":{"line":20,"column":81},"end":{"line":20,"column":107}},"9":{"start":{"line":21,"column":126},"end":{"line":21,"column":154}}},"fnMap":{"0":{"name":"SearchForm","decl":{"start":{"line":5,"column":28},"end":{"line":5,"column":38}},"loc":{"start":{"line":5,"column":46},"end":{"line":25,"column":1}},"line":5},"1":{"name":"handleSubmit","decl":{"start":{"line":9,"column":13},"end":{"line":9,"column":25}},"loc":{"start":{"line":9,"column":34},"end":{"line":13,"column":5}},"line":9},"2":{"name":"(anonymous_2)","decl":{"start":{"line":15,"column":14},"end":{"line":15,"column":15}},"loc":{"start":{"line":15,"column":20},"end":{"line":17,"column":5}},"line":15},"3":{"name":"(anonymous_3)","decl":{"start":{"line":20,"column":74},"end":{"line":20,"column":75}},"loc":{"start":{"line":20,"column":81},"end":{"line":20,"column":107}},"line":20},"4":{"name":"(anonymous_4)","decl":{"start":{"line":21,"column":119},"end":{"line":21,"column":120}},"loc":{"start":{"line":21,"column":126},"end":{"line":21,"column":154}},"line":21}},"branchMap":{},"s":{"0":8,"1":19,"2":19,"3":1,"4":1,"5":19,"6":13,"7":19,"8":1,"9":1},"f":{"0":19,"1":1,"2":13,"3":1,"4":1},"b":{},"_coverageSchema":"43e27e138ebf9cfc5966b082cf9a028302ed4184","hash":"f2c9c116e5a72f73b62b2418a25ffc1cb80726e3"}
,"/Users/andresuchitra/3-phase-3/react-password-manager/client/src/components/SearchResult/SearchResult.js": {"path":"/Users/andresuchitra/3-phase-3/react-password-manager/client/src/components/SearchResult/SearchResult.js","statementMap":{"0":{"start":{"line":9,"column":28},"end":{"line":9,"column":40}},"1":{"start":{"line":10,"column":34},"end":{"line":10,"column":49}},"2":{"start":{"line":13,"column":4},"end":{"line":18,"column":5}},"3":{"start":{"line":14,"column":8},"end":{"line":14,"column":43}},"4":{"start":{"line":17,"column":8},"end":{"line":17,"column":22}},"5":{"start":{"line":20,"column":4},"end":{"line":43,"column":20}},"6":{"start":{"line":21,"column":8},"end":{"line":21,"column":25}},"7":{"start":{"line":22,"column":8},"end":{"line":41,"column":10}},"8":{"start":{"line":25,"column":26},"end":{"line":25,"column":28}},"9":{"start":{"line":26,"column":12},"end":{"line":33,"column":15}},"10":{"start":{"line":27,"column":27},"end":{"line":27,"column":37}},"11":{"start":{"line":29,"column":16},"end":{"line":32,"column":17}},"12":{"start":{"line":31,"column":20},"end":{"line":31,"column":54}},"13":{"start":{"line":34,"column":12},"end":{"line":34,"column":34}},"14":{"start":{"line":37,"column":12},"end":{"line":37,"column":57}},"15":{"start":{"line":40,"column":12},"end":{"line":40,"column":30}},"16":{"start":{"line":45,"column":4},"end":{"line":88,"column":5}},"17":{"start":{"line":46,"column":8},"end":{"line":50,"column":10}},"18":{"start":{"line":53,"column":8},"end":{"line":87,"column":10}},"19":{"start":{"line":63,"column":36},"end":{"line":81,"column":43}}},"fnMap":{"0":{"name":"SearchResult","decl":{"start":{"line":8,"column":9},"end":{"line":8,"column":21}},"loc":{"start":{"line":8,"column":29},"end":{"line":89,"column":1}},"line":8},"1":{"name":"(anonymous_1)","decl":{"start":{"line":20,"column":14},"end":{"line":20,"column":15}},"loc":{"start":{"line":20,"column":20},"end":{"line":43,"column":5}},"line":20},"2":{"name":"(anonymous_2)","decl":{"start":{"line":24,"column":14},"end":{"line":24,"column":15}},"loc":{"start":{"line":24,"column":38},"end":{"line":35,"column":9}},"line":24},"3":{"name":"(anonymous_3)","decl":{"start":{"line":26,"column":34},"end":{"line":26,"column":35}},"loc":{"start":{"line":26,"column":48},"end":{"line":33,"column":13}},"line":26},"4":{"name":"(anonymous_4)","decl":{"start":{"line":36,"column":15},"end":{"line":36,"column":16}},"loc":{"start":{"line":36,"column":31},"end":{"line":38,"column":9}},"line":36},"5":{"name":"(anonymous_5)","decl":{"start":{"line":39,"column":17},"end":{"line":39,"column":18}},"loc":{"start":{"line":39,"column":28},"end":{"line":41,"column":9}},"line":39},"6":{"name":"(anonymous_6)","decl":{"start":{"line":62,"column":42},"end":{"line":62,"column":43}},"loc":{"start":{"line":63,"column":36},"end":{"line":81,"column":43}},"line":63}},"branchMap":{"0":{"loc":{"start":{"line":13,"column":4},"end":{"line":18,"column":5}},"type":"if","locations":[{"start":{"line":13,"column":4},"end":{"line":18,"column":5}},{"start":{"line":13,"column":4},"end":{"line":18,"column":5}}],"line":13},"1":{"loc":{"start":{"line":29,"column":16},"end":{"line":32,"column":17}},"type":"if","locations":[{"start":{"line":29,"column":16},"end":{"line":32,"column":17}},{"start":{"line":29,"column":16},"end":{"line":32,"column":17}}],"line":29},"2":{"loc":{"start":{"line":29,"column":19},"end":{"line":29,"column":121}},"type":"binary-expr","locations":[{"start":{"line":29,"column":19},"end":{"line":29,"column":47}},{"start":{"line":29,"column":51},"end":{"line":29,"column":84}},{"start":{"line":29,"column":88},"end":{"line":29,"column":121}}],"line":29},"3":{"loc":{"start":{"line":45,"column":4},"end":{"line":88,"column":5}},"type":"if","locations":[{"start":{"line":45,"column":4},"end":{"line":88,"column":5}},{"start":{"line":45,"column":4},"end":{"line":88,"column":5}}],"line":45}},"s":{"0":8,"1":8,"2":8,"3":8,"4":0,"5":8,"6":2,"7":2,"8":2,"9":2,"10":10,"11":10,"12":1,"13":2,"14":0,"15":2,"16":8,"17":4,"18":4,"19":1},"f":{"0":8,"1":2,"2":2,"3":10,"4":0,"5":2,"6":1},"b":{"0":[8,0],"1":[1,9],"2":[10,9,9],"3":[4,4]},"_coverageSchema":"43e27e138ebf9cfc5966b082cf9a028302ed4184","hash":"afc0495a6deceecb21f1110e0d93a2b4fc6bc2a4"}
,"/Users/andresuchitra/3-phase-3/react-password-manager/client/src/components/UpdatePassword/UpdatePassword.js": {"path":"/Users/andresuchitra/3-phase-3/react-password-manager/client/src/components/UpdatePassword/UpdatePassword.js","statementMap":{"0":{"start":{"line":9,"column":36},"end":{"line":9,"column":48}},"1":{"start":{"line":10,"column":34},"end":{"line":10,"column":49}},"2":{"start":{"line":11,"column":30},"end":{"line":11,"column":42}},"3":{"start":{"line":13,"column":4},"end":{"line":34,"column":12}},"4":{"start":{"line":14,"column":8},"end":{"line":14,"column":25}},"5":{"start":{"line":16,"column":21},"end":{"line":16,"column":55}},"6":{"start":{"line":17,"column":8},"end":{"line":33,"column":10}},"7":{"start":{"line":19,"column":23},"end":{"line":19,"column":39}},"8":{"start":{"line":20,"column":12},"end":{"line":25,"column":13}},"9":{"start":{"line":21,"column":16},"end":{"line":21,"column":57}},"10":{"start":{"line":24,"column":16},"end":{"line":24,"column":68}},"11":{"start":{"line":28,"column":12},"end":{"line":28,"column":31}},"12":{"start":{"line":29,"column":12},"end":{"line":29,"column":66}},"13":{"start":{"line":32,"column":12},"end":{"line":32,"column":30}},"14":{"start":{"line":36,"column":4},"end":{"line":40,"column":5}},"15":{"start":{"line":45,"column":39},"end":{"line":45,"column":78}},"16":{"start":{"line":48,"column":21},"end":{"line":48,"column":74}},"17":{"start":{"line":50,"column":8},"end":{"line":65,"column":11}},"18":{"start":{"line":52,"column":12},"end":{"line":61,"column":13}},"19":{"start":{"line":53,"column":16},"end":{"line":53,"column":44}},"20":{"start":{"line":54,"column":16},"end":{"line":54,"column":36}},"21":{"start":{"line":55,"column":16},"end":{"line":55,"column":54}},"22":{"start":{"line":56,"column":16},"end":{"line":56,"column":58}},"23":{"start":{"line":57,"column":16},"end":{"line":57,"column":39}},"24":{"start":{"line":60,"column":16},"end":{"line":60,"column":68}},"25":{"start":{"line":64,"column":12},"end":{"line":64,"column":50}},"26":{"start":{"line":68,"column":4},"end":{"line":94,"column":5}},"27":{"start":{"line":69,"column":8},"end":{"line":73,"column":9}},"28":{"start":{"line":76,"column":8},"end":{"line":93,"column":10}}},"fnMap":{"0":{"name":"useFetchPassword","decl":{"start":{"line":8,"column":9},"end":{"line":8,"column":25}},"loc":{"start":{"line":8,"column":30},"end":{"line":42,"column":1}},"line":8},"1":{"name":"(anonymous_1)","decl":{"start":{"line":13,"column":14},"end":{"line":13,"column":15}},"loc":{"start":{"line":13,"column":20},"end":{"line":34,"column":5}},"line":13},"2":{"name":"(anonymous_2)","decl":{"start":{"line":18,"column":14},"end":{"line":18,"column":15}},"loc":{"start":{"line":18,"column":34},"end":{"line":26,"column":9}},"line":18},"3":{"name":"(anonymous_3)","decl":{"start":{"line":27,"column":15},"end":{"line":27,"column":16}},"loc":{"start":{"line":27,"column":31},"end":{"line":30,"column":9}},"line":27},"4":{"name":"(anonymous_4)","decl":{"start":{"line":31,"column":17},"end":{"line":31,"column":18}},"loc":{"start":{"line":31,"column":28},"end":{"line":33,"column":9}},"line":31},"5":{"name":"UpdatePassword","decl":{"start":{"line":44,"column":9},"end":{"line":44,"column":23}},"loc":{"start":{"line":44,"column":31},"end":{"line":95,"column":1}},"line":44},"6":{"name":"handleSubmit","decl":{"start":{"line":47,"column":13},"end":{"line":47,"column":25}},"loc":{"start":{"line":47,"column":32},"end":{"line":66,"column":5}},"line":47},"7":{"name":"(anonymous_7)","decl":{"start":{"line":51,"column":14},"end":{"line":51,"column":15}},"loc":{"start":{"line":51,"column":34},"end":{"line":62,"column":9}},"line":51},"8":{"name":"(anonymous_8)","decl":{"start":{"line":63,"column":15},"end":{"line":63,"column":16}},"loc":{"start":{"line":63,"column":31},"end":{"line":65,"column":9}},"line":63}},"branchMap":{"0":{"loc":{"start":{"line":20,"column":12},"end":{"line":25,"column":13}},"type":"if","locations":[{"start":{"line":20,"column":12},"end":{"line":25,"column":13}},{"start":{"line":20,"column":12},"end":{"line":25,"column":13}}],"line":20},"1":{"loc":{"start":{"line":52,"column":12},"end":{"line":61,"column":13}},"type":"if","locations":[{"start":{"line":52,"column":12},"end":{"line":61,"column":13}},{"start":{"line":52,"column":12},"end":{"line":61,"column":13}}],"line":52},"2":{"loc":{"start":{"line":68,"column":4},"end":{"line":94,"column":5}},"type":"if","locations":[{"start":{"line":68,"column":4},"end":{"line":94,"column":5}},{"start":{"line":68,"column":4},"end":{"line":94,"column":5}}],"line":68}},"s":{"0":17,"1":17,"2":17,"3":17,"4":5,"5":5,"6":5,"7":4,"8":4,"9":3,"10":1,"11":0,"12":0,"13":4,"14":17,"15":17,"16":1,"17":1,"18":1,"19":1,"20":1,"21":1,"22":1,"23":1,"24":0,"25":0,"26":17,"27":8,"28":9},"f":{"0":17,"1":5,"2":4,"3":0,"4":4,"5":17,"6":1,"7":1,"8":0},"b":{"0":[3,1],"1":[1,0],"2":[8,9]},"_coverageSchema":"43e27e138ebf9cfc5966b082cf9a028302ed4184","hash":"ff8bd84377b24f856595e3052587c039e69cd777"}
}
