TN:
SF:/Users/andresuchitra/3-phase-3/react-password-manager/client/src/App.js
FN:10,App
FN:18,(anonymous_1)
FNF:2
FNH:2
FNDA:11,App
FNDA:8,(anonymous_1)
DA:11,11
DA:19,8
LF:2
LH:2
BRF:0
BRH:0
end_of_record
TN:
SF:/Users/andresuchitra/3-phase-3/react-password-manager/client/src/components/AddPassword/AddPassword.js
FN:7,AddPassword
FN:9,handleSubmit
FN:15,(anonymous_2)
FN:19,(anonymous_3)
FNF:4
FNH:3
FNDA:8,AddPassword
FNDA:3,handleSubmit
FNDA:2,(anonymous_2)
FNDA:0,(anonymous_3)
DA:10,3
DA:11,2
DA:12,2
DA:13,2
DA:14,2
DA:16,2
DA:17,2
DA:20,0
DA:25,8
LF:9
LH:8
BRDA:10,0,0,2
BRDA:10,0,1,1
BRF:2
BRH:2
end_of_record
TN:
SF:/Users/andresuchitra/3-phase-3/react-password-manager/client/src/components/FormPassword/FormPassword.js
FN:5,FormPassword
FN:12,(anonymous_1)
FN:21,handleSubmit
FN:44,(anonymous_3)
FN:53,(anonymous_4)
FN:62,(anonymous_5)
FNF:6
FNH:6
FNDA:28,FormPassword
FNDA:18,(anonymous_1)
FNDA:4,handleSubmit
FNDA:2,(anonymous_3)
FNDA:3,(anonymous_4)
FNDA:2,(anonymous_5)
DA:5,8
DA:6,28
DA:7,28
DA:8,28
DA:9,28
DA:12,28
DA:13,18
DA:14,3
DA:15,3
DA:16,3
DA:17,3
DA:22,4
DA:23,4
DA:24,4
DA:25,3
DA:27,4
DA:28,3
DA:30,4
DA:31,3
DA:34,4
DA:37,28
DA:44,2
DA:53,3
DA:62,2
LF:24
LH:24
BRDA:9,0,0,13
BRDA:9,0,1,15
BRDA:13,1,0,3
BRDA:13,1,1,15
BRDA:24,2,0,3
BRDA:24,2,1,1
BRDA:27,3,0,3
BRDA:27,3,1,1
BRDA:30,4,0,3
BRDA:30,4,1,1
BRF:10
BRH:10
end_of_record
TN:
SF:/Users/andresuchitra/3-phase-3/react-password-manager/client/src/components/Header/Header.js
FN:6,Header
FNF:1
FNH:1
FNDA:11,Header
DA:7,11
LF:1
LH:1
BRF:0
BRH:0
end_of_record
TN:
SF:/Users/andresuchitra/3-phase-3/react-password-manager/client/src/components/Home/Home.js
FN:5,Home
FNF:1
FNH:1
FNDA:10,Home
DA:6,10
LF:1
LH:1
BRF:0
BRH:0
end_of_record
TN:
SF:/Users/andresuchitra/3-phase-3/react-password-manager/client/src/components/LoadingSpinner/LoadingSpinner.js
FN:4,LoadingSpinner
FN:9,(anonymous_1)
FNF:2
FNH:2
FNDA:28,LoadingSpinner
FNDA:84,(anonymous_1)
DA:5,28
DA:10,84
LF:2
LH:2
BRF:0
BRH:0
end_of_record
TN:
SF:/Users/andresuchitra/3-phase-3/react-password-manager/client/src/components/PasswordList/PasswordList.js
FN:8,handleDelete
FN:10,(anonymous_1)
FN:13,useFetchPassword
FN:18,(anonymous_3)
FN:23,(anonymous_4)
FN:25,(anonymous_5)
FN:34,(anonymous_6)
FN:37,(anonymous_7)
FN:46,PasswordList
FN:68,(anonymous_9)
FN:80,(anonymous_10)
FNF:11
FNH:7
FNDA:0,handleDelete
FNDA:0,(anonymous_1)
FNDA:28,useFetchPassword
FNDA:16,(anonymous_3)
FNDA:12,(anonymous_4)
FNDA:65,(anonymous_5)
FNDA:0,(anonymous_6)
FNDA:12,(anonymous_7)
FNDA:28,PasswordList
FNDA:39,(anonymous_9)
FNDA:0,(anonymous_10)
DA:9,0
DA:10,0
DA:14,28
DA:15,28
DA:16,28
DA:18,28
DA:19,16
DA:21,16
DA:24,12
DA:25,12
DA:26,65
DA:27,65
DA:28,65
DA:29,65
DA:32,12
DA:35,0
DA:38,12
DA:43,28
DA:47,28
DA:49,28
DA:50,21
DA:54,7
DA:69,39
DA:80,0
LF:24
LH:20
BRDA:49,0,0,21
BRDA:49,0,1,7
BRF:2
BRH:2
end_of_record
TN:
SF:/Users/andresuchitra/3-phase-3/react-password-manager/client/src/components/SearchForm/SearchForm.js
FN:5,SearchForm
FN:9,handleSubmit
FN:15,(anonymous_2)
FN:20,(anonymous_3)
FN:21,(anonymous_4)
FNF:5
FNH:5
FNDA:19,SearchForm
FNDA:1,handleSubmit
FNDA:13,(anonymous_2)
FNDA:1,(anonymous_3)
FNDA:1,(anonymous_4)
DA:5,8
DA:6,19
DA:7,19
DA:10,1
DA:12,1
DA:15,19
DA:16,13
DA:19,19
DA:20,1
DA:21,1
LF:10
LH:10
BRF:0
BRH:0
end_of_record
TN:
SF:/Users/andresuchitra/3-phase-3/react-password-manager/client/src/components/SearchResult/SearchResult.js
FN:8,SearchResult
FN:20,(anonymous_1)
FN:24,(anonymous_2)
FN:26,(anonymous_3)
FN:36,(anonymous_4)
FN:39,(anonymous_5)
FN:62,(anonymous_6)
FNF:7
FNH:6
FNDA:8,SearchResult
FNDA:2,(anonymous_1)
FNDA:2,(anonymous_2)
FNDA:10,(anonymous_3)
FNDA:0,(anonymous_4)
FNDA:2,(anonymous_5)
FNDA:1,(anonymous_6)
DA:9,8
DA:10,8
DA:13,8
DA:14,8
DA:17,0
DA:20,8
DA:21,2
DA:22,2
DA:25,2
DA:26,2
DA:27,10
DA:29,10
DA:31,1
DA:34,2
DA:37,0
DA:40,2
DA:45,8
DA:46,4
DA:53,4
DA:63,1
LF:20
LH:18
BRDA:13,0,0,8
BRDA:13,0,1,0
BRDA:29,1,0,1
BRDA:29,1,1,9
BRDA:29,2,0,10
BRDA:29,2,1,9
BRDA:29,2,2,9
BRDA:45,3,0,4
BRDA:45,3,1,4
BRF:9
BRH:8
end_of_record
TN:
SF:/Users/andresuchitra/3-phase-3/react-password-manager/client/src/components/UpdatePassword/UpdatePassword.js
FN:8,useFetchPassword
FN:13,(anonymous_1)
FN:18,(anonymous_2)
FN:27,(anonymous_3)
FN:31,(anonymous_4)
FN:44,UpdatePassword
FN:47,handleSubmit
FN:51,(anonymous_7)
FN:63,(anonymous_8)
FNF:9
FNH:7
FNDA:17,useFetchPassword
FNDA:5,(anonymous_1)
FNDA:4,(anonymous_2)
FNDA:0,(anonymous_3)
FNDA:4,(anonymous_4)
FNDA:17,UpdatePassword
FNDA:1,handleSubmit
FNDA:1,(anonymous_7)
FNDA:0,(anonymous_8)
DA:9,17
DA:10,17
DA:11,17
DA:13,17
DA:14,5
DA:16,5
DA:17,5
DA:19,4
DA:20,4
DA:21,3
DA:24,1
DA:28,0
DA:29,0
DA:32,4
DA:36,17
DA:45,17
DA:48,1
DA:50,1
DA:52,1
DA:53,1
DA:54,1
DA:55,1
DA:56,1
DA:57,1
DA:60,0
DA:64,0
DA:68,17
DA:69,8
DA:76,9
LF:29
LH:25
BRDA:20,0,0,3
BRDA:20,0,1,1
BRDA:52,1,0,1
BRDA:52,1,1,0
BRDA:68,2,0,8
BRDA:68,2,1,9
BRF:6
BRH:5
end_of_record
